20220419	14:26:15	INFO	router.post()	User Input: 2002 DB: SQL Filter: car_year
20220419	16:14:09	INFO	router.post()	User Input: Toronto DB: SQL Filter: dealer_loc
20220419	16:14:09	INFO	router.post()	User Input: Toronto DB: MongoDB Filter: dealer_loc
20220419	16:14:09	INFO	router.post()	User Input: Halifax DB: MongoDB and SQL Filter: dealer_loc
20220419	16:14:09	INFO	router.post()	User Input: Honda DB: MongoDB and SQL Filter: car_make
20220419	16:14:09	INFO	router.post()	User Input: Civic DB: MongoDB and SQL Filter: car_model
20220419	16:14:09	INFO	router.post()	User Input: 2002 DB: MongoDB Filter: car_year
20220419	16:14:09	WARN	router.post()	Database was not selected and Nothing was inputed.
20220419	16:14:09	INFO	router.post()	User Input:  DB: MongoDB and SQL Filter: select
20220419	16:14:09	WARN	router.post()	Database was not selected and Nothing was inputed.
20220419	16:14:09	INFO	router.post()	User Input: Toronto DB: MongoDB and SQL Filter: car_make
20220419	16:14:09	INFO	router.post()	User Input: Toronto DB: MongoDB and SQL Filter: car_make
20220419	16:14:09	INFO	router.post()	User Input: Toronto DB: MongoDB and SQL Filter: car_make
20220419	16:14:09	INFO	router.post()	User Input: 1990 DB: MongoDB and SQL Filter: car_year
20220419	16:14:09	INFO	router.post()	User Input: 1990 DB: MongoDB and SQL Filter: car_year
20220419	16:14:09	INFO	router.post()	User Input: 1990 DB: MongoDB and SQL Filter: car_year
20220419	16:14:09	INFO	router.post()	User Input: 1990 DB: MongoDB and SQL Filter: car_year
20220419	16:14:09	INFO	router.post()	User Input: 1990 DB: MongoDB and SQL Filter: car_year
20220419	16:14:09	INFO	router.post()	User Input: 1990 DB: MongoDB and SQL Filter: car_year
20220419	16:14:09	INFO	router.post()	User Input: 1990 DB: MongoDB and SQL Filter: car_year
20220419	16:14:09	INFO	router.post()	User Input: 1990 DB: MongoDB and SQL Filter: car_year
20220419	16:14:09	INFO	router.post()	User Input: 1990 DB: MongoDB and SQL Filter: car_year
20220419	16:14:09	INFO	router.post()	User Input: 1990 DB: MongoDB and SQL Filter: car_year
20220419	16:14:09	INFO	router.post()	User Input: 1990 DB: MongoDB and SQL Filter: car_year
20220419	16:14:09	INFO	router.post()	User Input: 1990 DB: MongoDB and SQL Filter: car_year
20220419	16:14:09	INFO	router.post()	User Input: 1990 DB: MongoDB and SQL Filter: car_year
20220419	16:14:09	INFO	router.post()	User Input: 1990 DB: MongoDB and SQL Filter: car_year
20220419	16:14:09	INFO	router.post()	User Input: 1990 DB: MongoDB and SQL Filter: car_year
20220419	16:14:09	INFO	router.post()	User Input: 1990 DB: MongoDB and SQL Filter: car_year
20220419	16:14:09	INFO	router.post()	User Input: 1990 DB: MongoDB and SQL Filter: car_year
20220419	16:14:09	INFO	router.post()	User Input: 1990 DB: MongoDB and SQL Filter: car_year
20220419	16:14:09	INFO	router.post()	User Input: 1999 DB: MongoDB Filter: car_year
20220419	16:14:09	INFO	router.post()	User Input: Civic DB: SQL Filter: car_model
20220419	16:14:09	INFO	router.post()	User Input:  DB: SQL Filter: select
20220419	16:14:09	INFO	router.post()	User Input:  DB: MongoDB Filter: select
20220419	16:14:09	INFO	router.post()	User Input: Toronto DB: MongoDB Filter: dealer_loc
20220419	16:14:09	INFO	router.post()	User Input: Toronto DB: MongoDB Filter: dealer_loc
20220419	16:14:09	INFO	router.post()	User Input: Toronto DB: MongoDB Filter: dealer_loc
20220419	16:14:09	INFO	router.post()	User Input: Toronto DB: MongoDB Filter: dealer_loc
20220419	16:14:09	INFO	router.post()	User Input: Toronto DB: MongoDB Filter: dealer_loc
20220419	16:14:09	INFO	router.post()	User Input: Toronto DB: MongoDB Filter: dealer_loc
20220419	16:14:09	INFO	router.post()	User Input: Toronto DB: MongoDB Filter: dealer_loc
20220419	16:14:09	INFO	router.post()	User Input: Toronto DB: MongoDB Filter: dealer_loc
20220419	16:14:09	INFO	router.post()	User Input: Toronto DB: MongoDB Filter: dealer_loc
20220419	16:14:09	INFO	router.post()	User Input: Toronto DB: MongoDB Filter: dealer_loc
20220419	16:14:09	INFO	router.post()	User Input: Toronto DB: MongoDB Filter: dealer_loc
20220419	16:14:09	INFO	router.post()	User Input: Toronto DB: MongoDB Filter: dealer_loc
20220419	16:14:09	INFO	router.post()	User Input: Toronto DB: MongoDB Filter: dealer_loc
20220419	16:14:09	INFO	router.post()	User Input: Toronto DB: MongoDB Filter: dealer_loc
20220419	16:14:09	INFO	router.post()	User Input: Toronto DB: MongoDB Filter: dealer_loc
20220419	16:14:09	INFO	router.post()	User Input: Toronto DB: MongoDB Filter: dealer_loc
20220419	16:14:09	INFO	router.post()	User Input: Toronto DB: MongoDB Filter: dealer_loc
20220419	16:14:09	INFO	router.post()	User Input: Toronto DB: MongoDB Filter: dealer_loc
20220419	16:14:09	INFO	router.post()	User Input: Toronto DB: MongoDB Filter: dealer_loc
20220419	16:14:09	INFO	router.post()	User Input: Toronto DB: MongoDB Filter: dealer_loc
20220419	16:14:09	INFO	router.post()	User Input: Toronto DB: MongoDB Filter: dealer_loc
20220419	16:14:09	INFO	router.post()	User Input: Toronto DB: MongoDB Filter: dealer_loc
20220419	16:14:09	INFO	router.post()	User Input: Toronto DB: MongoDB Filter: dealer_loc
20220419	16:14:09	INFO	router.post()	User Input: Toronto DB: MongoDB Filter: dealer_loc
20220419	16:14:09	INFO	router.post()	User Input: Toronto DB: MongoDB Filter: dealer_loc
20220419	16:14:09	INFO	router.post()	User Input: Toronto DB: MongoDB Filter: dealer_loc
20220419	16:14:09	WARN	router.post()	Database was not selected and Nothing was inputed.
20220419	16:14:09	INFO	router.post()	User Input: Toronto DB: MongoDB Filter: dealer_loc
20220419	16:14:09	INFO	router.post()	User Input: Toronto DB: MongoDB Filter: dealer_loc
20220419	16:14:09	INFO	router.post()	User Input: Toronto DB: MongoDB Filter: dealer_loc
20220419	16:14:09	INFO	router.post()	User Input: Toronto DB: MongoDB Filter: dealer_loc
20220419	16:14:09	INFO	router.post()	User Input: Toronto DB: MongoDB Filter: dealer_loc
20220419	16:14:09	INFO	router.post()	User Input: Toronto DB: MongoDB Filter: dealer_loc
20220419	16:14:09	INFO	router.post()	User Input: Toronto DB: MongoDB Filter: dealer_loc
20220419	16:14:09	INFO	router.post()	User Input: Toronto DB: MongoDB Filter: dealer_loc
20220419	16:14:09	INFO	router.post()	User Input: Toronto DB: MongoDB Filter: dealer_loc
20220419	16:14:09	INFO	router.post()	User Input: Toronto DB: MongoDB Filter: dealer_loc
20220419	16:14:09	INFO	router.post()	User Input: Toronto DB: MongoDB Filter: dealer_loc
20220419	16:14:09	INFO	router.post()	User Input: Toronto DB: MongoDB Filter: dealer_loc
20220419	16:14:09	INFO	router.post()	User Input: Toronto DB: MongoDB Filter: dealer_loc
20220419	16:14:09	INFO	router.post()	User Input: Toronto DB: MongoDB Filter: dealer_loc
20220419	16:14:09	INFO	router.post()	User Input: Toronto DB: MongoDB Filter: dealer_loc
20220419	16:14:09	INFO	router.post()	User Input: Toronto DB: MongoDB Filter: dealer_loc
20220419	16:14:09	INFO	router.post()	User Input: Toronto DB: MongoDB Filter: dealer_loc
20220419	16:14:09	INFO	router.post()	User Input: Toronto DB: MongoDB Filter: dealer_loc
20220419	16:14:09	INFO	router.post()	User Input: Toronto DB: MongoDB Filter: dealer_loc
20220419	16:14:09	INFO	router.post()	User Input: Toronto DB: MongoDB Filter: dealer_loc
20220419	16:14:09	INFO	router.post()	User Input: Toronto DB: MongoDB Filter: dealer_loc
20220419	16:14:09	INFO	router.post()	User Input: Toronto DB: MongoDB Filter: dealer_loc
20220419	16:14:09	INFO	router.post()	User Input: Toronto DB: MongoDB Filter: dealer_loc
20220419	16:14:09	INFO	router.post()	User Input: Toronto DB: MongoDB Filter: dealer_loc
20220419	16:14:09	INFO	router.post()	User Input: Toronto DB: MongoDB Filter: dealer_loc
20220419	16:14:09	INFO	router.post()	User Input: Toronto DB: MongoDB Filter: dealer_loc
20220419	16:14:09	INFO	router.post()	User Input: Toronto DB: MongoDB Filter: dealer_loc
20220419	16:14:09	INFO	router.post()	User Input: Toronto DB: MongoDB Filter: dealer_loc
20220419	16:14:09	INFO	router.post()	User Input: Toronto DB: MongoDB Filter: dealer_loc
20220419	16:14:09	INFO	router.post()	User Input: Toronto DB: MongoDB Filter: dealer_loc
20220419	16:14:09	INFO	router.post()	User Input: Toronto DB: MongoDB Filter: dealer_loc
20220419	16:14:09	INFO	router.post()	User Input: Toronto DB: MongoDB Filter: dealer_loc
20220419	16:14:09	INFO	router.post()	User Input: Toronto DB: MongoDB Filter: dealer_loc
20220419	16:14:09	INFO	router.post()	User Input: Toronto DB: MongoDB Filter: dealer_loc
20220419	16:14:09	INFO	router.post()	User Input: Toronto DB: MongoDB Filter: dealer_loc
20220419	16:14:09	INFO	router.post()	User Input: Toronto DB: MongoDB Filter: dealer_loc
20220419	16:14:09	INFO	router.post()	User Input: Toronto DB: MongoDB Filter: dealer_loc
20220419	16:14:09	INFO	router.post()	User Input: Toronto DB: MongoDB Filter: dealer_loc
20220419	16:14:09	INFO	router.post()	User Input: Toronto DB: MongoDB Filter: dealer_loc
20220419	16:14:09	INFO	router.post()	User Input: Toronto DB: MongoDB Filter: dealer_loc
20220419	16:14:09	INFO	router.post()	User Input: Toronto DB: MongoDB Filter: dealer_loc
20220419	16:14:09	INFO	router.post()	User Input: Toronto DB: MongoDB Filter: dealer_loc
20220419	16:14:09	INFO	router.post()	User Input: Toronto DB: MongoDB Filter: dealer_loc
20220419	16:14:09	INFO	router.post()	User Input: Toronto DB: MongoDB Filter: dealer_loc
20220419	16:14:09	INFO	router.post()	User Input: Toronto DB: MongoDB Filter: dealer_loc
20220419	16:14:09	INFO	router.post()	User Input: Toronto DB: MongoDB Filter: dealer_loc
20220419	16:14:09	INFO	router.post()	User Input: Toronto DB: MongoDB Filter: dealer_loc
20220419	16:14:09	INFO	router.post()	User Input: Toronto DB: MongoDB Filter: dealer_loc
20220419	16:14:09	INFO	router.post()	User Input: Toronto DB: MongoDB Filter: dealer_loc
20220419	20:22:02	INFO	router.get()	Database Query Webpage Initiated.
20220419	20:22:02	INFO	router.get()	Database Query Webpage Initiated.
20220419	20:23:31	INFO	router.get()	Database Query Webpage Initiated.
20220419	20:23:31	INFO	router.post()	User Input: 2000 DB: SQL Filter: car_year
20220419	20:23:31	INFO	router.post()	User Input: Civic DB: MongoDB and SQL Filter: car_make
20220419	20:23:31	INFO	router.post()	User Input: Dodge DB: MongoDB Filter: car_make
20220419	20:23:31	INFO	router.post()	User Input:  DB: MongoDB Filter: car_year
20220419	20:23:31	INFO	router.post()	User Input:  DB: MongoDB and SQL Filter: select
20220419	20:23:31	INFO	router.post()	User Input:  DB: SQL Filter: select
20220419	20:23:31	INFO	router.post()	User Input:  DB: MongoDB Filter: select
20220419	20:23:31	INFO	router.post()	User Input:  DB: SQL Filter: select
20220419	20:36:10	INFO	router.post()	User Input: No Input DB: MongoDB Filter: select